app/manifest-merger-release-report.txt
-- Merging decision tree log ---
manifest
ADDED from AndroidManifest.xml:2:1
	xmlns:android
		ADDED from AndroidManifest.xml:2:11
	package
		ADDED from AndroidManifest.xml:3:5
		INJECTED from AndroidManifest.xml:0:0
		INJECTED from AndroidManifest.xml:0:0
	android:versionName
		INJECTED from AndroidManifest.xml:0:0
		INJECTED from AndroidManifest.xml:0:0
	android:versionCode
		INJECTED from AndroidManifest.xml:0:0
		INJECTED from AndroidManifest.xml:0:0
uses-permission#android.permission.INTERNET
ADDED from AndroidManifest.xml:6:5
	android:name
		ADDED from AndroidManifest.xml:6:22
uses-permission#android.permission.ACCESS_NETWORK_STATE
ADDED from AndroidManifest.xml:7:5
	android:name
		ADDED from AndroidManifest.xml:7:22
uses-permission#android.permission.WRITE_EXTERNAL_STORAGE
ADDED from AndroidManifest.xml:8:5
	android:name
		ADDED from AndroidManifest.xml:8:22
application
ADDED from AndroidManifest.xml:10:5
MERGED from com.android.support:appcompat-v7:21.0.3:16:5
MERGED from com.android.support:support-v4:21.0.3:16:5
	android:label
		ADDED from AndroidManifest.xml:13:9
	android:allowBackup
		ADDED from AndroidManifest.xml:11:9
	android:icon
		ADDED from AndroidManifest.xml:12:9
	android:theme
		ADDED from AndroidManifest.xml:14:9
activity#org.achartengine.GraphicalActivity
ADDED from AndroidManifest.xml:17:9
	android:name
		ADDED from AndroidManifest.xml:17:19
activity#rkupchinskii.scounter.MainActivity
ADDED from AndroidManifest.xml:18:9
	android:screenOrientation
		ADDED from AndroidManifest.xml:21:13
	android:label
		ADDED from AndroidManifest.xml:20:13
	android:name
		ADDED from AndroidManifest.xml:19:13
intent-filter#android.intent.action.MAIN+android.intent.category.LAUNCHER
ADDED from AndroidManifest.xml:22:13
action#android.intent.action.MAIN
ADDED from AndroidManifest.xml:23:17
	android:name
		ADDED from AndroidManifest.xml:23:25
category#android.intent.category.LAUNCHER
ADDED from AndroidManifest.xml:25:17
	android:name
		ADDED from AndroidManifest.xml:25:27
activity#rkupchinskii.scounter.Measurement
ADDED from AndroidManifest.xml:28:9
	android:screenOrientation
		ADDED from AndroidManifest.xml:32:13
	android:label
		ADDED from AndroidManifest.xml:30:13
	android:parentActivityName
		ADDED from AndroidManifest.xml:31:13
	android:name
		ADDED from AndroidManifest.xml:29:13
meta-data#android.support.PARENT_ACTIVITY
ADDED from AndroidManifest.xml:33:13
	android:name
		ADDED from AndroidManifest.xml:34:17
	android:value
		ADDED from AndroidManifest.xml:35:17
activity#rkupchinskii.scounter.Statistic
ADDED from AndroidManifest.xml:37:9
	android:screenOrientation
		ADDED from AndroidManifest.xml:41:13
	android:label
		ADDED from AndroidManifest.xml:39:13
	android:parentActivityName
		ADDED from AndroidManifest.xml:40:13
	android:name
		ADDED from AndroidManifest.xml:38:13
activity#rkupchinskii.scounter.MeasurementSelect
ADDED from AndroidManifest.xml:46:9
	android:screenOrientation
		ADDED from AndroidManifest.xml:50:13
	android:label
		ADDED from AndroidManifest.xml:48:13
	android:parentActivityName
		ADDED from AndroidManifest.xml:49:13
	android:name
		ADDED from AndroidManifest.xml:47:13
activity#rkupchinskii.scounter.MeasurementDetails
ADDED from AndroidManifest.xml:55:9
	android:windowSoftInputMode
		ADDED from AndroidManifest.xml:60:13
	android:screenOrientation
		ADDED from AndroidManifest.xml:59:13
	android:label
		ADDED from AndroidManifest.xml:57:13
	android:parentActivityName
		ADDED from AndroidManifest.xml:58:13
	android:name
		ADDED from AndroidManifest.xml:56:13
activity#rkupchinskii.scounter.ExerciseSelect
ADDED from AndroidManifest.xml:65:9
	android:screenOrientation
		ADDED from AndroidManifest.xml:69:13
	android:label
		ADDED from AndroidManifest.xml:67:13
	android:parentActivityName
		ADDED from AndroidManifest.xml:68:13
	android:name
		ADDED from AndroidManifest.xml:66:13
activity#rkupchinskii.scounter.Exercise
ADDED from AndroidManifest.xml:74:9
	android:screenOrientation
		ADDED from AndroidManifest.xml:78:13
	android:label
		ADDED from AndroidManifest.xml:76:13
	android:parentActivityName
		ADDED from AndroidManifest.xml:77:13
	android:name
		ADDED from AndroidManifest.xml:75:13
activity#rkupchinskii.scounter.ExerciseDetails
ADDED from AndroidManifest.xml:83:9
	android:windowSoftInputMode
		ADDED from AndroidManifest.xml:88:13
	android:screenOrientation
		ADDED from AndroidManifest.xml:87:13
	android:label
		ADDED from AndroidManifest.xml:85:13
	android:parentActivityName
		ADDED from AndroidManifest.xml:86:13
	android:name
		ADDED from AndroidManifest.xml:84:13
activity#rkupchinskii.scounter.StatisticSelect
ADDED from AndroidManifest.xml:93:9
	android:screenOrientation
		ADDED from AndroidManifest.xml:97:13
	android:label
		ADDED from AndroidManifest.xml:95:13
	android:parentActivityName
		ADDED from AndroidManifest.xml:96:13
	android:name
		ADDED from AndroidManifest.xml:94:13
activity#rkupchinskii.scounter.TrainingSelect
ADDED from AndroidManifest.xml:102:9
	android:screenOrientation
		ADDED from AndroidManifest.xml:106:13
	android:label
		ADDED from AndroidManifest.xml:104:13
	android:parentActivityName
		ADDED from AndroidManifest.xml:105:13
	android:name
		ADDED from AndroidManifest.xml:103:13
activity#rkupchinskii.scounter.Training
ADDED from AndroidManifest.xml:111:9
	android:screenOrientation
		ADDED from AndroidManifest.xml:115:13
	android:label
		ADDED from AndroidManifest.xml:113:13
	android:parentActivityName
		ADDED from AndroidManifest.xml:114:13
	android:name
		ADDED from AndroidManifest.xml:112:13
activity#rkupchinskii.scounter.PlanSelect
ADDED from AndroidManifest.xml:120:9
	android:screenOrientation
		ADDED from AndroidManifest.xml:124:13
	android:label
		ADDED from AndroidManifest.xml:122:13
	android:parentActivityName
		ADDED from AndroidManifest.xml:123:13
	android:name
		ADDED from AndroidManifest.xml:121:13
activity#rkupchinskii.scounter.Plan
ADDED from AndroidManifest.xml:129:9
	android:screenOrientation
		ADDED from AndroidManifest.xml:133:13
	android:label
		ADDED from AndroidManifest.xml:131:13
	android:parentActivityName
		ADDED from AndroidManifest.xml:132:13
	android:name
		ADDED from AndroidManifest.xml:130:13
activity#rkupchinskii.scounter.PlanExercise
ADDED from AndroidManifest.xml:138:9
	android:screenOrientation
		ADDED from AndroidManifest.xml:142:13
	android:label
		ADDED from AndroidManifest.xml:140:13
	android:parentActivityName
		ADDED from AndroidManifest.xml:141:13
	android:name
		ADDED from AndroidManifest.xml:139:13
activity#rkupchinskii.scounter.PlanExerciseDetails
ADDED from AndroidManifest.xml:147:9
	android:windowSoftInputMode
		ADDED from AndroidManifest.xml:152:13
	android:screenOrientation
		ADDED from AndroidManifest.xml:151:13
	android:label
		ADDED from AndroidManifest.xml:149:13
	android:parentActivityName
		ADDED from AndroidManifest.xml:150:13
	android:name
		ADDED from AndroidManifest.xml:148:13
activity#rkupchinskii.scounter.EndPrg
ADDED from AndroidManifest.xml:157:9
	android:label
		ADDED from AndroidManifest.xml:159:13
	android:name
		ADDED from AndroidManifest.xml:158:13
uses-sdk
INJECTED from AndroidManifest.xml:0:0 reason: use-sdk injection requested
MERGED from com.android.support:appcompat-v7:21.0.3:15:5
MERGED from com.android.support:support-v4:21.0.3:15:5
	android:targetSdkVersion
		INJECTED from AndroidManifest.xml:0:0
		INJECTED from AndroidManifest.xml:0:0
	android:minSdkVersion
		INJECTED from AndroidManifest.xml:0:0
		INJECTED from AndroidManifest.xml:0:0